2024-07-01T22:42:00.640Z error: Error: ENOENT: no such file or directory, stat 'C:\shenkar\dev43\first_submition\server\data\homeGraph.json'
2024-07-21T20:02:52.941Z error: Error deleting image file: ENOENT: no such file or directory, unlink 'C:\shenkar\dev43\first_submition\server\uploads\1721084007003-sad-face.png'
2024-07-22T12:10:37.067Z error: Error fetching limited items: connect ETIMEDOUT
2024-07-22T12:10:44.948Z error: Error fetching limited items: connect ETIMEDOUT
2024-07-22T17:04:03.888Z error: Error deleting image file: ENOENT: no such file or directory, unlink 'C:\shenkar\dev43\first_submition\server\uploads\1721667721194-_×?×?××?×¨×?×? ×?×?× ×©×_.jpg'
2024-07-22T17:04:08.801Z error: Error deleting image file: ENOENT: no such file or directory, unlink 'C:\shenkar\dev43\first_submition\server\uploads\1721667784934-×?×?×?×?×?×?× ×?×£3.png'
2024-07-22T18:38:03.140Z error: Error updating item ID 114: ER_BAD_FIELD_ERROR: Unknown column 'editItemId' in 'field list'
2024-07-22T18:38:08.905Z error: Error updating item ID 114: ER_BAD_FIELD_ERROR: Unknown column 'editItemId' in 'field list'
2024-07-22T18:38:18.639Z error: Error updating item ID 114: ER_BAD_FIELD_ERROR: Unknown column 'editItemId' in 'field list'
2024-07-22T20:10:11.270Z error: Error deleting image file: ENOENT: no such file or directory, unlink 'C:\shenkar\dev43\first_submition\server\uploads\1721678300895-×?×?×?×?×?×?× ×?×£3.png'
2024-07-23T19:20:56.496Z error: ReferenceError: username is not defined
    at C:\Users\mohamed\Desktop\shenkar\semester2\web fullstack\Lost And Found\server\routes.js:222:57
    at Layer.handle [as handle_request] (C:\Users\mohamed\Desktop\shenkar\semester2\web fullstack\Lost And Found\server\node_modules\express\lib\router\layer.js:95:5)
    at next (C:\Users\mohamed\Desktop\shenkar\semester2\web fullstack\Lost And Found\server\node_modules\express\lib\router\route.js:149:13)
    at Route.dispatch (C:\Users\mohamed\Desktop\shenkar\semester2\web fullstack\Lost And Found\server\node_modules\express\lib\router\route.js:119:3)
    at Layer.handle [as handle_request] (C:\Users\mohamed\Desktop\shenkar\semester2\web fullstack\Lost And Found\server\node_modules\express\lib\router\layer.js:95:5)
    at C:\Users\mohamed\Desktop\shenkar\semester2\web fullstack\Lost And Found\server\node_modules\express\lib\router\index.js:284:15
    at Function.process_params (C:\Users\mohamed\Desktop\shenkar\semester2\web fullstack\Lost And Found\server\node_modules\express\lib\router\index.js:346:12)
    at next (C:\Users\mohamed\Desktop\shenkar\semester2\web fullstack\Lost And Found\server\node_modules\express\lib\router\index.js:280:10)
    at Function.handle (C:\Users\mohamed\Desktop\shenkar\semester2\web fullstack\Lost And Found\server\node_modules\express\lib\router\index.js:175:3)
    at router (C:\Users\mohamed\Desktop\shenkar\semester2\web fullstack\Lost And Found\server\node_modules\express\lib\router\index.js:47:12)
2024-07-23T19:36:40.419Z error: Error registering new user: ER_DUP_ENTRY: Duplicate entry 'adrian@gmail.com' for key 'email'
2024-07-24T12:23:58.892Z error: Error registering new user: ER_DUP_ENTRY: Duplicate entry 'adrian@gmail.com' for key 'email'
