2024-07-26T18:50:52.981Z error: MulterError: Unexpected field
    at wrappedFileFilter (C:\shenkar\dev43\first_submition\server\node_modules\multer\index.js:40:19)
    at Multipart.<anonymous> (C:\shenkar\dev43\first_submition\server\node_modules\multer\lib\make-middleware.js:107:7)
    at Multipart.emit (node:events:519:28)
    at HeaderParser.cb (C:\shenkar\dev43\first_submition\server\node_modules\busboy\lib\types\multipart.js:358:14)
    at HeaderParser.push (C:\shenkar\dev43\first_submition\server\node_modules\busboy\lib\types\multipart.js:162:20)
    at SBMH.ssCb [as _cb] (C:\shenkar\dev43\first_submition\server\node_modules\busboy\lib\types\multipart.js:394:37)
    at feed (C:\shenkar\dev43\first_submition\server\node_modules\streamsearch\lib\sbmh.js:248:10)
    at SBMH.push (C:\shenkar\dev43\first_submition\server\node_modules\streamsearch\lib\sbmh.js:104:16)
    at Multipart._write (C:\shenkar\dev43\first_submition\server\node_modules\busboy\lib\types\multipart.js:567:19)
    at writeOrBuffer (node:internal/streams/writable:564:12)
2024-07-26T19:02:45.510Z error: MulterError: Unexpected field
    at wrappedFileFilter (C:\shenkar\dev43\first_submition\server\node_modules\multer\index.js:40:19)
    at Multipart.<anonymous> (C:\shenkar\dev43\first_submition\server\node_modules\multer\lib\make-middleware.js:107:7)
    at Multipart.emit (node:events:519:28)
    at HeaderParser.cb (C:\shenkar\dev43\first_submition\server\node_modules\busboy\lib\types\multipart.js:358:14)
    at HeaderParser.push (C:\shenkar\dev43\first_submition\server\node_modules\busboy\lib\types\multipart.js:162:20)
    at SBMH.ssCb [as _cb] (C:\shenkar\dev43\first_submition\server\node_modules\busboy\lib\types\multipart.js:394:37)
    at feed (C:\shenkar\dev43\first_submition\server\node_modules\streamsearch\lib\sbmh.js:248:10)
    at SBMH.push (C:\shenkar\dev43\first_submition\server\node_modules\streamsearch\lib\sbmh.js:104:16)
    at Multipart._write (C:\shenkar\dev43\first_submition\server\node_modules\busboy\lib\types\multipart.js:567:19)
    at writeOrBuffer (node:internal/streams/writable:564:12)
2024-07-26T19:04:17.658Z error: MulterError: Unexpected field
    at wrappedFileFilter (C:\shenkar\dev43\first_submition\server\node_modules\multer\index.js:40:19)
    at Multipart.<anonymous> (C:\shenkar\dev43\first_submition\server\node_modules\multer\lib\make-middleware.js:107:7)
    at Multipart.emit (node:events:519:28)
    at HeaderParser.cb (C:\shenkar\dev43\first_submition\server\node_modules\busboy\lib\types\multipart.js:358:14)
    at HeaderParser.push (C:\shenkar\dev43\first_submition\server\node_modules\busboy\lib\types\multipart.js:162:20)
    at SBMH.ssCb [as _cb] (C:\shenkar\dev43\first_submition\server\node_modules\busboy\lib\types\multipart.js:394:37)
    at feed (C:\shenkar\dev43\first_submition\server\node_modules\streamsearch\lib\sbmh.js:248:10)
    at SBMH.push (C:\shenkar\dev43\first_submition\server\node_modules\streamsearch\lib\sbmh.js:104:16)
    at Multipart._write (C:\shenkar\dev43\first_submition\server\node_modules\busboy\lib\types\multipart.js:567:19)
    at writeOrBuffer (node:internal/streams/writable:564:12)
2024-07-26T19:11:47.240Z error: MulterError: Unexpected field
    at wrappedFileFilter (C:\shenkar\dev43\first_submition\server\node_modules\multer\index.js:40:19)
    at Multipart.<anonymous> (C:\shenkar\dev43\first_submition\server\node_modules\multer\lib\make-middleware.js:107:7)
    at Multipart.emit (node:events:519:28)
    at HeaderParser.cb (C:\shenkar\dev43\first_submition\server\node_modules\busboy\lib\types\multipart.js:358:14)
    at HeaderParser.push (C:\shenkar\dev43\first_submition\server\node_modules\busboy\lib\types\multipart.js:162:20)
    at SBMH.ssCb [as _cb] (C:\shenkar\dev43\first_submition\server\node_modules\busboy\lib\types\multipart.js:394:37)
    at feed (C:\shenkar\dev43\first_submition\server\node_modules\streamsearch\lib\sbmh.js:219:14)
    at SBMH.push (C:\shenkar\dev43\first_submition\server\node_modules\streamsearch\lib\sbmh.js:104:16)
    at Multipart._write (C:\shenkar\dev43\first_submition\server\node_modules\busboy\lib\types\multipart.js:567:19)
    at writeOrBuffer (node:internal/streams/writable:564:12)
2024-07-26T19:12:14.931Z error: MulterError: Unexpected field
    at wrappedFileFilter (C:\shenkar\dev43\first_submition\server\node_modules\multer\index.js:40:19)
    at Multipart.<anonymous> (C:\shenkar\dev43\first_submition\server\node_modules\multer\lib\make-middleware.js:107:7)
    at Multipart.emit (node:events:519:28)
    at HeaderParser.cb (C:\shenkar\dev43\first_submition\server\node_modules\busboy\lib\types\multipart.js:358:14)
    at HeaderParser.push (C:\shenkar\dev43\first_submition\server\node_modules\busboy\lib\types\multipart.js:162:20)
    at SBMH.ssCb [as _cb] (C:\shenkar\dev43\first_submition\server\node_modules\busboy\lib\types\multipart.js:394:37)
    at feed (C:\shenkar\dev43\first_submition\server\node_modules\streamsearch\lib\sbmh.js:219:14)
    at SBMH.push (C:\shenkar\dev43\first_submition\server\node_modules\streamsearch\lib\sbmh.js:104:16)
    at Multipart._write (C:\shenkar\dev43\first_submition\server\node_modules\busboy\lib\types\multipart.js:567:19)
    at writeOrBuffer (node:internal/streams/writable:564:12)
2024-07-26T19:13:31.590Z error: MulterError: Unexpected field
    at wrappedFileFilter (C:\shenkar\dev43\first_submition\server\node_modules\multer\index.js:40:19)
    at Multipart.<anonymous> (C:\shenkar\dev43\first_submition\server\node_modules\multer\lib\make-middleware.js:107:7)
    at Multipart.emit (node:events:519:28)
    at HeaderParser.cb (C:\shenkar\dev43\first_submition\server\node_modules\busboy\lib\types\multipart.js:358:14)
    at HeaderParser.push (C:\shenkar\dev43\first_submition\server\node_modules\busboy\lib\types\multipart.js:162:20)
    at SBMH.ssCb [as _cb] (C:\shenkar\dev43\first_submition\server\node_modules\busboy\lib\types\multipart.js:394:37)
    at feed (C:\shenkar\dev43\first_submition\server\node_modules\streamsearch\lib\sbmh.js:248:10)
    at SBMH.push (C:\shenkar\dev43\first_submition\server\node_modules\streamsearch\lib\sbmh.js:104:16)
    at Multipart._write (C:\shenkar\dev43\first_submition\server\node_modules\busboy\lib\types\multipart.js:567:19)
    at writeOrBuffer (node:internal/streams/writable:564:12)
2024-07-26T19:13:40.386Z error: MulterError: Unexpected field
    at wrappedFileFilter (C:\shenkar\dev43\first_submition\server\node_modules\multer\index.js:40:19)
    at Multipart.<anonymous> (C:\shenkar\dev43\first_submition\server\node_modules\multer\lib\make-middleware.js:107:7)
    at Multipart.emit (node:events:519:28)
    at HeaderParser.cb (C:\shenkar\dev43\first_submition\server\node_modules\busboy\lib\types\multipart.js:358:14)
    at HeaderParser.push (C:\shenkar\dev43\first_submition\server\node_modules\busboy\lib\types\multipart.js:162:20)
    at SBMH.ssCb [as _cb] (C:\shenkar\dev43\first_submition\server\node_modules\busboy\lib\types\multipart.js:394:37)
    at feed (C:\shenkar\dev43\first_submition\server\node_modules\streamsearch\lib\sbmh.js:248:10)
    at SBMH.push (C:\shenkar\dev43\first_submition\server\node_modules\streamsearch\lib\sbmh.js:104:16)
    at Multipart._write (C:\shenkar\dev43\first_submition\server\node_modules\busboy\lib\types\multipart.js:567:19)
    at writeOrBuffer (node:internal/streams/writable:564:12)
